2012-11-14 13:07:32: installing "Base" ...
2012-11-14 13:07:33: done (1.0856640338898s).
2012-11-14 13:07:33: creating admin user ...
2012-11-14 13:07:33: done (0.002730131149292s).
2012-11-14 13:07:33: setting mail server ...
2012-11-14 13:07:33: done (0.0015900135040283s).
2012-11-14 13:07:33: Installing modules ...
 * 2012-11-14 13:07:33 - Applets/Calc (0.00514817237854s)
 * 2012-11-14 13:07:33 - Applets/Clock (0.0035519599914551s)
 * 2012-11-14 13:07:33 - Applets/Google (0.0052289962768555s)
 * 2012-11-14 13:07:33 - Applets/Host (0.0036990642547607s)
 * 2012-11-14 13:07:33 - Applets/Note (0.0055320262908936s)
 * 2012-11-14 13:07:33 - Applets/RssFeed (0.020592927932739s)
 * 2012-11-14 13:07:33 - Applets/Calc (0.00020194053649902s)
 * 2012-11-14 13:07:33 - Applets/MonthView (0.88896989822388s)
 * 2012-11-14 13:07:34 - Apps/ActivityReport (0.0062401294708252s)
 * 2012-11-14 13:07:34 - CRM/Contacts (0.00012898445129395s)
 * 2012-11-14 13:07:34 - CRM/Roundcube (0.62789988517761s)
 * 2012-11-14 13:07:35 - CRM/Contacts/Activities (0.0067548751831055s)
 * 2012-11-14 13:07:35 - CRM/PhoneCall (0.17757797241211s)
 * 2012-11-14 13:07:35 - CRM/Calendar (0.00014996528625488s)
 * 2012-11-14 13:07:35 - CRM/LoginAudit (0.013567924499512s)
 * 2012-11-14 13:07:35 - CRM/Tasks (0.14038610458374s)
 * 2012-11-14 13:07:35 - CRM/WhoIsOnline (0.013889074325562s)
 * 2012-11-14 13:07:35 - CRM/Followup (0.0041799545288086s)
 * 2012-11-14 13:07:35 - CRM/Meeting (0.14609003067017s)
 * 2012-11-14 13:07:35 - Tools/SetDefaults (0.015089988708496s)
 * 2012-11-14 13:07:35 - Tools/SessionKeeper (0.0038168430328369s)
 * 2012-11-14 13:07:35 - Apps/Shoutbox (0.019737958908081s)
2012-11-14 13:07:35: done (2.110946893692s).
2012-11-14 13:07:35: Refreshing cache of modules ...
2012-11-14 13:07:36: done (0.18921685218811s).
2012-11-14 13:07:36: Creating cache of template files ...
2012-11-14 13:07:36: done (0.010059118270874s).
